<?xml version="1.0" encoding="UTF-8"?>
<!-- Generated by org.testng.reporters.JUnitReportReporter -->
<testsuite hostname="LAPTOP-FI61GJVC" failures="0" tests="1" name="Test_NG.class1" time="0.022" errors="0" timestamp="2025-10-23T12:35:44 IST" skipped="0">
  <testcase classname="Test_NG.class1" name="openApp" time="0.022"/>
</testsuite> <!-- Test_NG.class1 -->
